Training original model:
Epoch 1: Accuracy 0.90000 [1.95 seconds]
Epoch 2: Accuracy 0.91750 [1.92 seconds]
Epoch 3: Accuracy 0.92600 [1.92 seconds]
Epoch 4: Accuracy 0.92990 [1.93 seconds]
Epoch 5: Accuracy 0.93680 [1.92 seconds]
<ipython-input-2-cbf60b05dfe2>:3: UserWarning: To copy construct from a tensor, it is recommended to use sourceTensor.clone().detach() or sourceTensor.clone().detach().requires_grad_(True), rather than torch.tensor(sourceTensor).
  model = BoundedModule(model, torch.empty_like(torch.tensor(image)))
Interval Analysis on original model: Robustness 0.00000 [0.36 seconds]
Interval Analysis on original model: Robustness 0.00000 [0.32 seconds]
Interval Analysis on original model: Robustness 0.00000 [0.35 seconds]
Interval Analysis on original model: Robustness 0.00000 [0.32 seconds]
Interval Analysis on original model: Robustness 0.00000 [0.32 seconds]
Interval Analysis on original model: Robustness 0.00000 [0.32 seconds]
Interval Analysis on original model: Robustness 0.00000 [0.32 seconds]
Interval Analysis on original model: Robustness 0.00000 [0.32 seconds]
Interval Analysis on original model: Robustness 0.00000 [0.35 seconds]
Interval Analysis on original model: Robustness 0.00000 [0.32 seconds]
<ipython-input-2-230967a3f7fb>:5: UserWarning: To copy construct from a tensor, it is recommended to use sourceTensor.clone().detach() or sourceTensor.clone().detach().requires_grad_(True), rather than torch.tensor(sourceTensor).
  model = BoundedModule(model, torch.empty_like(torch.tensor(image)))
Training robust model wit epsilon = 0.01:
Epoch 1: Accuracy 0.65280 [3.53 seconds]
Epoch 2: Accuracy 0.75820 [3.89 seconds]
Epoch 3: Accuracy 0.83270 [4.55 seconds]
Epoch 4: Accuracy 0.88220 [3.98 seconds]
Epoch 5: Accuracy 0.90020 [3.73 seconds]
Interval Analysis on Robust model: Robustness 0.81750 [0.33 seconds]
Training robust model wit epsilon = 0.02:
Epoch 1: Accuracy 0.42820 [3.66 seconds]
Epoch 2: Accuracy 0.41550 [3.68 seconds]
Epoch 3: Accuracy 0.40970 [4.85 seconds]
Epoch 4: Accuracy 0.47800 [5.07 seconds]
Epoch 5: Accuracy 0.55600 [3.67 seconds]
Interval Analysis on Robust model: Robustness 0.38250 [0.34 seconds]
Training robust model wit epsilon = 0.03:
Epoch 1: Accuracy 0.25680 [4.66 seconds]
Epoch 2: Accuracy 0.26310 [4.67 seconds]
Epoch 3: Accuracy 0.23170 [4.67 seconds]
Epoch 4: Accuracy 0.32810 [4.67 seconds]
Epoch 5: Accuracy 0.39600 [4.70 seconds]
Interval Analysis on Robust model: Robustness 0.33490 [0.44 seconds]
Training robust model wit epsilon = 0.04:
Epoch 1: Accuracy 0.23640 [3.96 seconds]
Epoch 2: Accuracy 0.22950 [3.57 seconds]
Epoch 3: Accuracy 0.26140 [3.59 seconds]
Epoch 4: Accuracy 0.30840 [3.64 seconds]
Epoch 5: Accuracy 0.39880 [4.62 seconds]
Interval Analysis on Robust model: Robustness 0.28540 [0.32 seconds]
Training robust model wit epsilon = 0.05:
Epoch 1: Accuracy 0.20600 [5.14 seconds]
Epoch 2: Accuracy 0.21200 [6.11 seconds]
Epoch 3: Accuracy 0.21230 [4.61 seconds]
Epoch 4: Accuracy 0.11360 [4.89 seconds]
Epoch 5: Accuracy 0.20290 [3.54 seconds]
Interval Analysis on Robust model: Robustness 0.19130 [0.33 seconds]
Training robust model wit epsilon = 0.06:
Epoch 1: Accuracy 0.10420 [3.47 seconds]
Epoch 2: Accuracy 0.10280 [3.48 seconds]
Epoch 3: Accuracy 0.10280 [7.48 seconds]
Epoch 4: Accuracy 0.11350 [6.35 seconds]
Epoch 5: Accuracy 0.11350 [4.63 seconds]
Interval Analysis on Robust model: Robustness 0.11330 [0.43 seconds]
Training robust model wit epsilon = 0.07:
Epoch 1: Accuracy 0.11210 [3.60 seconds]
Epoch 2: Accuracy 0.10280 [3.67 seconds]
Epoch 3: Accuracy 0.10280 [3.68 seconds]
Epoch 4: Accuracy 0.11350 [3.70 seconds]
Epoch 5: Accuracy 0.11350 [3.63 seconds]
Interval Analysis on Robust model: Robustness 0.11320 [0.33 seconds]
Training robust model wit epsilon = 0.08:
Epoch 1: Accuracy 0.10420 [3.66 seconds]
Epoch 2: Accuracy 0.10280 [3.62 seconds]
Epoch 3: Accuracy 0.10280 [3.75 seconds]
Epoch 4: Accuracy 0.11350 [4.26 seconds]
Epoch 5: Accuracy 0.11350 [5.29 seconds]
Interval Analysis on Robust model: Robustness 0.11260 [0.46 seconds]
Training robust model wit epsilon = 0.09:
Epoch 1: Accuracy 0.10430 [10.02 seconds]
Epoch 2: Accuracy 0.10280 [7.41 seconds]
Epoch 3: Accuracy 0.10280 [4.12 seconds]
Epoch 4: Accuracy 0.11350 [3.51 seconds]
Epoch 5: Accuracy 0.11350 [3.51 seconds]
Interval Analysis on Robust model: Robustness 0.11180 [0.32 seconds]
Training robust model wit epsilon = 0.1:
Epoch 1: Accuracy 0.10690 [4.66 seconds]
Epoch 2: Accuracy 0.10280 [4.67 seconds]
Epoch 3: Accuracy 0.10280 [4.66 seconds]
Epoch 4: Accuracy 0.11350 [5.66 seconds]
Epoch 5: Accuracy 0.11350 [3.80 seconds]
Interval Analysis on Robust model: Robustness 0.11130 [0.33 seconds]
